                                example wave
                                     -- fourier and inverse transforms --
                                    m    data      k    fourier transform   inverse transform

,                                    0     5.       0      -5.000  0.000       5.000 -0.000
,                                    1    32.       1      70.785 25.085      32.000  0.000
,                                    2    38.       2      58.447-55.092      38.000  0.000
,                                    3   -33.       3      30.860-76.674     -33.000  0.000
,                                    4   -19.       4     -72.000-73.000     -19.000  0.000
,                                    5   -10.       5     -34.600 17.895     -10.000  0.000
,                                    6     1.       6     -50.447 16.908       1.000 -0.000
,                                    7    -8.       7      32.955 43.654      -8.000 -0.000
,                                    8   -20.       8      13.000  0.000     -20.000  0.000
,                                    9    10.       9      32.955-43.654      10.000  0.000
,                                   10    -1.      10     -50.447-16.908      -1.000 -0.000
,                                   11     0.      11     -34.600-17.895       0.000 -0.000
,                                   12     0.      12     -72.000 73.000       0.000 -0.000
,                                   13     0.      13      30.860 76.674      -0.000 -0.000
,                                   14     0.      14      58.447 55.092      -0.000 -0.000
,                                   15     0.      15      70.785-25.085      -0.000 -0.000
       0     4.688   -12.653     6.747
       1    31.688   -16.794    17.931
       2    37.688    43.137    28.641
       3   -33.313    38.263    25.366
       4   -19.313    -7.806    10.415
       5   -10.313    -1.217     5.192
       6     0.688    -6.628     3.332
       7    -8.313    13.128     7.769
       8   -20.313   -15.143    12.668
       9     9.687   -12.519     7.915
      10    -1.313     2.336     1.340
      11    -0.313    -6.121     3.065
      12    -0.313    -0.898     0.476
      13    -0.313    -5.469     2.739
      14    -0.313    -2.345     1.183
      15    -0.312    -9.270     4.637
	  
	  
data ddata/5.0e0,32.0e0,38.0e0,-33.0e0,-19.0e0,-10.0e0,      &
           1.0e0,-8.0e0,-20.0e0,10.0e0,-1.0e0,0.0e0,0.0e0,  &
           0.0e0,0.0e0,0.0e0/,nn/16/

!c(1)=.5*c(1)
c(nn/2+1)=.5*c(nn/2+1)       ! 由于截至频率的谱是实数, 正负频率的贡献是相同的.所以, 正频率的谱应该是计算值的一半.
do 140 i=nn/2+2, nn          ! 负频率的谱设置为零.
140 c(i)=(0.,0.)
			
	  
	  
