                                example wave
                                     -- fourier and inverse transforms --
                                    m    data      k    fourier transform   inverse transform

,                                    0     5.       0      -5.000  0.000       5.000 -0.000
,                                    1    32.       1      70.785 25.085      32.000  0.000
,                                    2    38.       2      58.447-55.092      38.000  0.000
,                                    3   -33.       3      30.860-76.674     -33.000  0.000
,                                    4   -19.       4     -72.000-73.000     -19.000  0.000
,                                    5   -10.       5     -34.600 17.895     -10.000  0.000
,                                    6     1.       6     -50.447 16.908       1.000 -0.000
,                                    7    -8.       7      32.955 43.654      -8.000 -0.000
,                                    8   -20.       8      13.000  0.000     -20.000  0.000
,                                    9    10.       9      32.955-43.654      10.000  0.000
,                                   10    -1.      10     -50.447-16.908      -1.000 -0.000
,                                   11     0.      11     -34.600-17.895       0.000 -0.000
,                                   12     0.      12     -72.000 73.000       0.000 -0.000
,                                   13     0.      13      30.860 76.674      -0.000 -0.000
,                                   14     0.      14      58.447 55.092      -0.000 -0.000
,                                   15     0.      15      70.785-25.085      -0.000 -0.000
       0     5.000   -12.653     6.803
       1    32.000   -16.794    18.070
       2    38.000    43.137    28.744
       3   -33.000    38.263    25.264
       4   -19.000    -7.806    10.270
       5   -10.000    -1.217     5.037
       6     1.000    -6.628     3.352
       7    -8.000    13.128     7.687
       8   -20.000   -15.143    12.543
       9    10.000   -12.519     8.011
      10    -1.000     2.336     1.271
      11    -0.000    -6.121     3.061
      12     0.000    -0.898     0.449
      13    -0.000    -5.469     2.735
      14    -0.000    -2.345     1.173
      15     0.000    -9.270     4.635
	  
	  
	  
data ddata/5.0e0,32.0e0,38.0e0,-33.0e0,-19.0e0,-10.0e0,      &
           1.0e0,-8.0e0,-20.0e0,10.0e0,-1.0e0,0.0e0,0.0e0,  &
           0.0e0,0.0e0,0.0e0/,nn/16/

c(1)=.5*c(1)
c(nn/2+1)=.5*c(nn/2+1)       ! 由于截至频率的谱是实数, 正负频率的贡献是相同的.所以, 正频率的谱应该是计算值的一半.
do 140 i=nn/2+2, nn          ! 负频率的谱设置为零.
140 c(i)=(0.,0.)	  
150	write(6,'(i8,3f10.3)') mk1,2.*c(mk),amplitude(mk)     ! 输出结果后, 可验证其正确性.