                                example wave
                                     -- fourier and inverse transforms --
                                    m    data      k    fourier transform   inverse transform

,                                    0     5.       0       0.000  0.000       5.000  0.000
,                                    1    32.       1      62.074 33.142      32.000 -0.000
,                                    2    38.       2      43.912-67.042      38.000  0.000
,                                    3   -33.       3      39.663-95.620     -33.000  0.000
,                                    4   -19.       4     -54.000-70.000     -19.000  0.000
,                                    5   -10.       5     -33.504 30.849     -10.000  0.000
,                                    6     1.       6     -57.912 18.958       1.000  0.000
,                                    7    -8.       7      31.767 39.610      -8.000 -0.000
,                                    8   -20.       8      16.000  0.000     -20.000  0.000
,                                    9    10.       9      31.767-39.610      10.000  0.000
,                                   10    -1.      10     -57.912-18.958      -1.000 -0.000
,                                   11     4.      11     -33.504-30.849       4.000 -0.000
,                                   12    11.      12     -54.000 70.000      11.000 -0.000
,                                   13    -1.      13      39.663 95.620      -1.000 -0.000
,                                   14    -7.      14      43.912 67.042      -7.000 -0.000
,                                   15    -2.      15      62.074-33.142      -2.000 -0.000
       0     5.000   -13.763     7.322
       1    32.000   -17.185    18.161
       2    38.000    42.779    28.610
       3   -33.000    37.952    25.146
       4   -19.000    -8.097    10.327
       5   -10.000    -1.664     5.069
       6     1.000    -6.987     3.529
       7    -8.000    12.383     7.371
       8   -20.000   -15.758    12.731
       9    10.000   -13.992     8.599
      10    -1.000     0.177     0.508
      11     4.000   -11.724     6.194
      12    11.000     2.618     5.654
      13    -1.000     5.842     2.964
      14    -7.000    -0.969     3.533
      15    -2.000   -11.611     5.891
	  
	  
data ddata/5.0e0,32.0e0,38.0e0,-33.0e0,-19.0e0,-10.0e0,      &
           1.0e0,-8.0e0,-20.0e0,10.0e0,-1.0e0,4.0e0,11.0e0,  &
           -1.0e0,-7.0e0,-2.0e0/,nn/16/     !原始序列必须是2的幂.
			   
!c(1)=.5*c(1)
c(nn/2+1)=.5*c(nn/2+1)       ! 由于截至频率的谱是实数, 正负频率的贡献是相同的.所以, 正频率的谱应该是计算值的一半.
do 140 i=nn/2+2, nn          ! 负频率的谱设置为零.
140 c(i)=(0.,0.)			   
	  
	  
