                                example wave
                                     -- fourier and inverse transforms --
                                    m    data      k    fourier transform   inverse transform

,                                    0     5.       0      -5.000  0.000       5.000 -0.000
,                                    1    32.       1      70.785 25.085      32.000  0.000
,                                    2    38.       2      58.447-55.092      38.000  0.000
,                                    3   -33.       3      30.860-76.674     -33.000  0.000
,                                    4   -19.       4     -72.000-73.000     -19.000  0.000
,                                    5   -10.       5     -34.600 17.895     -10.000  0.000
,                                    6     1.       6     -50.447 16.908       1.000 -0.000
,                                    7    -8.       7      32.955 43.654      -8.000 -0.000
,                                    8   -20.       8      13.000  0.000     -20.000  0.000
,                                    9    10.       9      32.955-43.654      10.000  0.000
,                                   10    -1.      10     -50.447-16.908      -1.000 -0.000
,                                   11     0.      11     -34.600-17.895       0.000 -0.000
,                                   12     0.      12     -72.000 73.000       0.000 -0.000
,                                   13     0.      13      30.860 76.674      -0.000 -0.000
,                                   14     0.      14      58.447 55.092      -0.000 -0.000
,                                   15     0.      15      70.785-25.085      -0.000 -0.000
       0     5.000    -0.000     2.500
       1    32.000     0.000    16.000
       2    38.000     0.000    19.000
       3   -33.000     0.000    16.500
       4   -19.000     0.000     9.500
       5   -10.000     0.000     5.000
       6     1.000    -0.000     0.500
       7    -8.000    -0.000     4.000
       8   -20.000     0.000    10.000
       9    10.000     0.000     5.000
      10    -1.000    -0.000     0.500
      11     0.000    -0.000     0.000
      12     0.000    -0.000     0.000
      13    -0.000    -0.000     0.000
      14    -0.000    -0.000     0.000
      15    -0.000    -0.000     0.000
	  
	  
c=c/2
150	write(6,'(i8,3f10.3)') mk1,2*c(mk),amplitude(mk)     ! 输出结果后, 可验证其正确性.
由此可见快速傅里叶变换得到的是单边谱，是双边谱的2倍
