                                example wave
                                     -- fourier and inverse transforms --
                                    m    data      k    fourier transform   inverse transform

,                                    0     5.       0      -5.000  0.000       5.000 -0.000
,                                    1    32.       1      70.785 25.085      32.000  0.000
,                                    2    38.       2      58.447-55.092      38.000  0.000
,                                    3   -33.       3      30.860-76.674     -33.000  0.000
,                                    4   -19.       4     -72.000-73.000     -19.000  0.000
,                                    5   -10.       5     -34.600 17.895     -10.000  0.000
,                                    6     1.       6     -50.447 16.908       1.000 -0.000
,                                    7    -8.       7      32.955 43.654      -8.000 -0.000
,                                    8   -20.       8      13.000  0.000     -20.000  0.000
,                                    9    10.       9      32.955-43.654      10.000  0.000
,                                   10    -1.      10     -50.447-16.908      -1.000 -0.000
,                                   11     0.      11     -34.600-17.895       0.000 -0.000
,                                   12     0.      12     -72.000 73.000       0.000 -0.000
,                                   13     0.      13      30.860 76.674      -0.000 -0.000
,                                   14     0.      14      58.447 55.092      -0.000 -0.000
,                                   15     0.      15      70.785-25.085      -0.000 -0.000
       0     5.000   -12.653    13.605
       1    32.000   -16.794    36.139
       2    38.000    43.137    57.488
       3   -33.000    38.263    50.528
       4   -19.000    -7.806    20.541
       5   -10.000    -1.217    10.074
       6     1.000    -6.628     6.703
       7    -8.000    13.128    15.373
       8   -20.000   -15.143    25.086
       9    10.000   -12.519    16.023
      10    -1.000     2.336     2.541
      11    -0.000    -6.121     6.121
      12     0.000    -0.898     0.898
      13    -0.000    -5.469     5.469
      14    -0.000    -2.345     2.345
      15     0.000    -9.270     9.270
	  
	  
data ddata/5.0e0,32.0e0,38.0e0,-33.0e0,-19.0e0,-10.0e0,      &
           1.0e0,-8.0e0,-20.0e0,10.0e0,-1.0e0,0.0e0,0.0e0,  &
           0.0e0,0.0e0,0.0e0/,nn/16/

do 140 i=nn/2+2,nn
140 c(i)=(0.,0.)                 ! 负频率的谱设置为零.
    do 160 i=2,nn/2
160 c(i)=c(i)*2                  ! 正频率的谱乘以2.
150	write(6,'(i8,3f10.3)') mk1,c(mk),amplitude(mk)     ! 输出结果后, 可验证其正确性.		   
	  
