,                              example wave
,                                   -- fourier and inverse transforms --
0
,                                    m   data       k    fourier transform  inverse transform

,                                    0     5.       0       0.000  0.000       5.000  0.000
,                                    1    32.       1      15.518  8.285      32.000 -0.000
,                                    2    38.       2      10.978-16.760      38.000  0.000
,                                    3   -33.       3       9.916-23.905     -33.000  0.000
,                                    4   -19.       4     -13.500-17.500     -19.000  0.000
,                                    5   -10.       5      -8.376  7.712     -10.000  0.000
,                                    6     1.       6     -14.478  4.740       1.000  0.000
,                                    7    -8.       7       7.942  9.902      -8.000 -0.000
,                                    8   -20.       8       4.000  0.000     -20.000  0.000
,                                    9    10.       9       7.942 -9.902      10.000  0.000
,                                   10    -1.      10     -14.478 -4.740      -1.000 -0.000
,                                   11     4.      11      -8.376 -7.712       4.000 -0.000
,                                   12    11.      12     -13.500 17.500      11.000 -0.000
,                                   13    -1.      13       9.916 23.905      -1.000 -0.000
,                                   14    -7.      14      10.978 16.760      -7.000 -0.000
,                                   15    -2.      15      15.518 -8.285      -2.000 -0.000
       0     5.000   -13.763     7.322
       1    32.000   -17.185    18.161
       2    38.000    42.779    28.610
       3   -33.000    37.952    25.146
       4   -19.000    -8.097    10.327
       5   -10.000    -1.664     5.069
       6     1.000    -6.987     3.529
       7    -8.000    12.383     7.371
       8   -20.000   -15.758    12.731
       9    10.000   -13.992     8.599
      10    -1.000     0.177     0.508
      11     4.000   -11.724     6.194
      12    11.000     2.618     5.654
      13    -1.000     5.842     2.964
      14    -7.000    -0.969     3.533
      15    -2.000   -11.611     5.891
