example wave
                                     -- fourier and inverse transforms --
    m    data      k    fourier transform : real-imag amp-phase    inverse transform

    0    5.000     0    -5.000     0.000       5.000    -0.000       5.000     0.000
    1   32.000     1    70.785    25.085      75.098     0.341      32.000     0.000
    2   38.000     2    58.447   -55.092      80.319    -0.756      38.000    -0.000
    3  -33.000     3    30.860   -76.674      82.651    -1.188     -33.000     0.000
    4  -19.000     4   -72.000   -73.000     102.533     0.792     -19.000     0.000
    5  -10.000     5   -34.600    17.895      38.953    -0.477     -10.000     0.000
    6    1.000     6   -50.447    16.908      53.205    -0.323       1.000     0.000
    7   -8.000     7    32.955    43.654      54.696     0.924      -8.000    -0.000
    8  -20.000     8    13.000     0.000      13.000     0.000     -20.000     0.000
    9   10.000     9    32.955   -43.654      54.696    -0.924      10.000    -0.000
   10   -1.000    10   -50.447   -16.908      53.205     0.323      -1.000     0.000
   11    0.000    11   -34.600   -17.895      38.953     0.477      -0.000    -0.000
   12    0.000    12   -72.000    73.000     102.533    -0.792      -0.000    -0.000
   13    0.000    13    30.860    76.674      82.651     1.188       0.000    -0.000
   14    0.000    14    58.447    55.092      80.319     0.756       0.000    -0.000
   15    0.000    15    70.785   -25.085      75.098    -0.341      -0.000     0.000

     analytic function
       m     real       imag       amp     phase

       0     5.000   -12.653     6.803   -68.438
       1    32.000   -16.794    18.070   -27.692
       2    38.000    43.137    28.744    48.623
       3   -33.000    38.263    25.264   -49.224
       4   -19.000    -7.806    10.270    22.334
       5   -10.000    -1.217     5.037     6.938
       6     1.000    -6.628     3.352   -81.421
       7    -8.000    13.128     7.687   -58.642
       8   -20.000   -15.143    12.543    37.131
       9    10.000   -12.519     8.011   -51.383
      10    -1.000     2.336     1.271   -66.827
      11    -0.000    -6.121     3.061    90.000
      12     0.000    -0.898     0.449   -90.000
      13     0.000    -5.469     2.735   -90.000
      14     0.000    -2.345     1.173   -90.000
      15     0.000    -9.270     4.635   -90.000

     white spectrum
       m     real       imag       amp     phase

       0    -0.500     0.000     0.500    -0.000
       1     0.943     0.334     1.000     0.341
       2     0.728    -0.686     1.000    -0.756
       3     0.373    -0.928     1.000    -1.188
       4    -0.702    -0.712     1.000     0.792
       5    -0.888     0.459     1.000    -0.477
       6    -0.948     0.318     1.000    -0.323
       7     0.603     0.798     1.000     0.924
       8     0.500     0.000     0.500     0.000
       9     0.000     0.000     0.000       NaN
      10     0.000     0.000     0.000       NaN
      11     0.000     0.000     0.000       NaN
      12     0.000     0.000     0.000       NaN
      13     0.000     0.000     0.000       NaN
      14     0.000     0.000     0.000       NaN
      15     0.000     0.000     0.000       NaN

     white spectrum ifft
       m     real       imag       amp     phase

       0     0.013    -0.052     0.027   -75.516
       1     0.244    -0.301     0.194   -50.991
       2     0.559     0.582     0.403    46.134
       3    -0.612     0.498     0.395   -39.132
       4    -0.176    -0.158     0.118    42.013
       5    -0.240     0.086     0.128   -19.580
       6    -0.056    -0.120     0.066    64.997
       7    -0.198     0.153     0.125   -37.670
       8    -0.244    -0.218     0.164    41.765
       9     0.045    -0.090     0.051   -63.500
      10    -0.132     0.015     0.067    -6.653
      11    -0.047    -0.184     0.095    75.672
      12     0.055     0.072     0.045    52.628
      13    -0.193    -0.045     0.099    13.029
      14    -0.019    -0.121     0.061    80.940
      15     0.001    -0.116     0.058   -89.364

     white spectrum ifft-fft
       m     real       imag     amp

       0    -0.500     0.000     0.500
       1     0.943     0.334     1.000
       2     0.728    -0.686     1.000
       3     0.373    -0.928     1.000
       4    -0.702    -0.712     1.000
       5    -0.888     0.459     1.000
       6    -0.948     0.318     1.000
       7     0.603     0.798     1.000
       8     0.500     0.000     0.500
       9     0.000     0.000     0.000
      10     0.000    -0.000     0.000
      11     0.000    -0.000     0.000
      12    -0.000    -0.000     0.000
      13    -0.000     0.000     0.000
      14    -0.000     0.000     0.000
      15     0.000     0.000     0.000

     sw-ifft-real-fft
       m     data     fourier transform     amp     phase

       0     0.013    -1.000     0.000     1.000    -0.000
       1     0.244     0.943     0.334     1.000    19.514
       2     0.559     0.728    -0.686     1.000   -43.307
       3    -0.612     0.373    -0.928     1.000   -68.076
       4    -0.176    -0.702    -0.712     1.000    45.395
       5    -0.240    -0.888     0.459     1.000   -27.347
       6    -0.056    -0.948     0.318     1.000   -18.529
       7    -0.198     0.603     0.798     1.000    52.950
       8    -0.244     1.000     0.000     1.000     0.000
       9     0.045     0.603    -0.798     1.000   -52.950
      10    -0.132    -0.948    -0.318     1.000    18.529
      11    -0.047    -0.888    -0.459     1.000    27.347
      12     0.055    -0.702     0.712     1.000   -45.395
      13    -0.193     0.373     0.928     1.000    68.076
      14    -0.019     0.728     0.686     1.000    43.307
      15     0.001     0.943    -0.334     1.000   -19.514

     sw-ifft-data-fft
       m     data     fourier transform     amp     phase

       0     0.013    -0.797     0.000     0.797    -0.000
       1     0.244     1.011     0.514     1.134    26.938
       2     0.559     0.612    -0.564     0.833   -42.671
       3    -0.612     0.224    -0.952     0.978   -76.733
       4    -0.176    -0.777    -0.859     1.158    47.891
       5    -0.240    -0.767     0.298     0.822   -21.220
       6    -0.056    -0.722     0.401     0.826   -29.025
       7    -0.198     0.561     1.061     1.200    62.110
       8    -0.244     0.725     0.000     0.725     0.000
       9     0.045     0.561    -1.061     1.200   -62.110
      10    -0.132    -0.722    -0.401     0.826    29.025
      11     0.000    -0.767    -0.298     0.822    21.220
      12     0.000    -0.777     0.859     1.158   -47.891
      13     0.000     0.224     0.952     0.978    76.733
      14     0.000     0.612     0.564     0.833    42.671
      15     0.000     1.011    -0.514     1.134   -26.938
