starting ph2dt (v2.1b - 08/2012)...     2016-05-06  16:34:22     
reading data ...
 > stations =           80
 > events total =         3386
 > events selected =         3386
 > phases =        63970
forming dtimes...
 Reporting missing stations (STA) and 
    outliers (STA,ID1,ID2,OFFSET (km),T1,T2,T1-T2):
Outlier: JIG      1421428  1428037    0.111    3.160    4.900   -1.740
Outlier: CAY      1421428  1428037    0.111   20.800   22.420   -1.620
Outlier: LAC      1421487  1421599    0.102   35.320   31.850    3.470
Outlier: LAC      1421539  1421551    0.151   35.810   33.030    2.780
Outlier: JIS      1421580  1421730    0.245   40.440   37.230    3.210
Outlier: XBT      1421580  1421730    0.245   41.150   37.590    3.560
Outlier: SIM      1421610  1425788    0.000   25.170   26.460   -1.290
Outlier: ZHY      1421610  1425788    0.000   27.330   28.180   -0.850
Outlier: MEL      1421610  1425788    0.000   42.690   43.420   -0.730
Outlier: YOD      1421610  1425788    0.000   43.740   43.230    0.510
Outlier: JIH      1421610  1425788    0.000   41.610   43.410   -1.800
Outlier: CUX      1421610  1425788    0.000   35.300   35.990   -0.690
Outlier: YIM      1421610  1425788    0.000   64.460   63.870    0.590
Outlier: TUS      1421626  1433984    0.453   67.470   72.650   -5.180
Outlier: JIG      1421645  1434494    0.000    9.300   10.000   -0.700
Outlier: SIM      1421650  1425144    0.102   15.050   16.570   -1.520
Outlier: LIC      1421669  1424942    0.000   19.740   19.110    0.630
Outlier: YUX      1421669  1424942    0.000   21.800   21.100    0.700
Outlier: YUX      1421669  1424942    0.000   36.080   35.490    0.590
Outlier: CAY      1421669  1424942    0.000   36.810   37.400   -0.590
Outlier: YOD      1421669  1424942    0.000   25.490   24.850    0.640
Outlier: JIG      1421686  1430662    0.151    7.670    9.900   -2.230
Outlier: SIM      1421705  1427778    0.000   15.620   16.330   -0.710
Outlier: CAY      1421705  1427778    0.000   35.580   36.190   -0.610
Outlier: JIG      1421705  1433730    0.000    4.730    5.260   -0.530
Outlier: JIG      1421705  1433730    0.000    8.660    9.240   -0.580
Outlier: ZHY      1421891  1426433    0.000   26.170   26.830   -0.660
Outlier: SIM      1421891  1426433    0.000   15.780   16.470   -0.690
Outlier: SIM      1421891  1426433    0.000   27.260   28.640   -1.380
Outlier: LIC      1421998  1422232    0.102   18.010   19.940   -1.930
Outlier: LIC      1422090  1428677    0.000   11.840   10.720    1.120
Outlier: LIC      1422090  1422705    0.000   11.840   11.170    0.670
Outlier: LIC      1422090  1422705    0.000   19.880   19.300    0.580
Outlier: ZHY      1422263  1423653    0.000   28.410   27.530    0.880
Outlier: L5308    1422289  1422547    0.000    4.970    4.420    0.550
Outlier: HEP      1422289  1422547    0.000    5.590    6.330   -0.740
Outlier: HEP      1422289  1422547    0.000   10.550   11.390   -0.840
Outlier: LIC      1422289  1422547    0.000   20.910   19.830    1.080
Outlier: YOD      1422320  1426315    0.102   41.940   38.910    3.030
Outlier: L5308    1422705  1428677    0.000    7.770    6.990    0.780
Outlier: CAY      1422902  1423330    0.000   22.230   21.700    0.530
Outlier: HEP      1422915  1423680    0.000   10.980   11.620   -0.640
Outlier: L5308    1423000  1425269    0.000    5.010    4.430    0.580
Outlier: HEP      1423047  1425450    0.000   14.490   13.920    0.570
Outlier: L5308    1423116  1424403    0.000    7.160    8.130   -0.970
Outlier: LIC      1423133  1425665    0.000   10.180    9.290    0.890
Outlier: L5308    1423213  1426679    0.000    7.650    8.210   -0.560
Outlier: HEP      1423213  1426679    0.000   11.800   11.130    0.670
Outlier: LIC      1423213  1426679    0.000   19.070   19.680   -0.610
Outlier: LUL      1423231  1431123    0.000    6.960    6.430    0.530
Outlier: WED      1423231  1431123    0.000   11.120   10.220    0.900
Outlier: L5308    1423496  1433861    0.000    8.000    8.540   -0.540
Outlier: JIG      1423669  1425302    0.000    4.370    5.350   -0.980
Outlier: LUL      1423669  1425302    0.000   10.540    9.950    0.590
Outlier: YOD      1423954  1426309    0.102   42.500   40.200    2.300
Outlier: L5307    1424109  1425454    0.000    2.760    2.190    0.570
Outlier: LUL      1424109  1425454    0.000    7.010    6.240    0.770
Outlier: LIC      1424109  1425454    0.000   16.040   16.660   -0.620
Outlier: WED      1424109  1425454    0.000   18.690   19.200   -0.510
Outlier: L5308    1424154  1427565    0.000    4.300    5.160   -0.860
Outlier: HEP      1424154  1427565    0.000   14.940   14.170    0.770
Outlier: L5307    1424268  1425650    0.000    2.040    2.700   -0.660
Outlier: L5308    1424268  1425650    0.000    4.560    5.150   -0.590
Outlier: L5308    1424772  1426580    0.000    4.750    5.260   -0.510
Outlier: L5310    1424899  1434585    0.000   10.020   11.010   -0.990
Outlier: L5310    1424907  1428594    0.000   11.670   12.570   -0.900
Outlier: LIC      1424907  1428594    0.000   16.620   16.080    0.540
Outlier: WED      1424907  1425896    0.000   18.600   19.110   -0.510
Outlier: YOD      1425332  1426799    0.000   40.190   40.850   -0.660
Outlier: SIM      1425507  1425784    0.102   30.890   27.280    3.610
Outlier: HEP      1425594  1427052    0.000   13.180   13.780   -0.600
Outlier: ZHY      1425704  1431079    0.111   26.420   28.670   -2.250
Outlier: L5310    1425724  1425733    0.000    9.900   10.460   -0.560
Outlier: SIM      1425724  1425733    0.000   24.300   25.500   -1.200
Outlier: YOD      1425724  1425733    0.000   43.490   42.650    0.840
Outlier: L5309    1425896  1428594    0.000    8.950    8.280    0.670
Outlier: HEP      1425896  1428594    0.000    8.230    7.710    0.520
Outlier: HEP      1425896  1428594    0.000   14.570   13.950    0.620
Outlier: WED      1425896  1428594    0.000   19.110   18.490    0.620
Outlier: LUL      1425929  1432439    0.000   11.110   10.480    0.630
Outlier: ZHY      1425929  1432439    0.000   28.470   29.000   -0.530
Outlier: JIG      1426363  1432955    0.000    9.010    9.570   -0.560
Outlier: L5310    1426580  1431242    0.000   12.660   13.250   -0.590
Outlier: LAC      1426798  1428937    0.222   33.360   36.240   -2.880
Outlier: L5307    1427178  1429553    0.000    2.660    2.040    0.620
Outlier: WED      1427376  1433872    0.000   11.050   11.670   -0.620
Outlier: LUL      1427457  1431171    0.102    8.230    6.670    1.560
Outlier: L5310    1427778  1433730    0.000   12.080   12.630   -0.550
Outlier: ZHY      1428594  1431155    0.102   16.930   15.350    1.580
Outlier: LIC      1429757  1430316    0.000   20.540   21.830   -1.290
Outlier: BAD      1429820  1429923    0.000    9.860   10.530   -0.670
Outlier: WED      1429820  1429923    0.000   18.540   19.170   -0.630
Outlier: L5308    1430019  1430525    0.000    8.060    6.970    1.090
Outlier: YUX      1430077  1433309    0.000   21.590   22.260   -0.670
Outlier: CAY      1430096  1432066    0.111   36.660   38.850   -2.190
Outlier: L5309    1430315  1431348    0.000    4.770    4.250    0.520
Outlier: YUX      1430315  1431702    0.222   39.660   36.640    3.020
Outlier: ZHY      1430728  1432615    0.000   29.440   28.470    0.970
Outlier: CAY      1431296  1433643    0.245   36.970   40.160   -3.190
Outlier: YUX      1431530  1431628    0.000   36.760   37.850   -1.090
Outlier: YUJ      1431530  1431628    0.000   27.250   26.330    0.920
Outlier: YIM      1431530  1431628    0.000   36.420   38.260   -1.840
Outlier: BAS      1431530  1431628    0.000   37.620   36.960    0.660
Outlier: L5310    1432307  1433211    0.000    9.800   10.400   -0.600
Outlier: LUL      1432307  1433211    0.000   11.260   11.770   -0.510
Outlier: LIC      1433120  1433471    0.000   12.920   13.950   -1.030
 > P-phase pairs total =      1572843
 > S-phase pairs total =      1284022
 > outliers =          106  (           0 %)
 > phases at stations not in station list =            0
 > phases at distances larger than MAXDIST =       117324
 > P-phase pairs selected =       239120  (          15 %)
 > S-phase pairs selected =       227484  (          17 %)
 > weakly linked events =           91  (           2 %)
 > linked event pairs =       233302
 > average links per pair =            2
 > average offset (km) betw. linked events =    2.34802699    
 > avg. offset (km) betw. strongly linked events =    2.22648644    
 > max. offset (km) betw. strongly linked events =    9.99997139    

Done.  2016-05-06  16:34:36     
