  2.00   156.000  3.2051  3.2000  0.0051
  3.00   155.250  3.2206  3.2129  0.0078
  4.00   155.250  3.2206  3.2103  0.0103
  5.00   156.500  3.1949  3.1822  0.0127
  6.00   155.250  3.2206  3.2051  0.0155
  7.00   155.750  3.2103  3.1923  0.0179
  8.00   155.500  3.2154  3.1949  0.0205
  9.00   155.250  3.2206  3.1974  0.0232
 10.00   155.500  3.2154  3.1898  0.0256
 11.00   155.000  3.2258  3.1974  0.0284
 12.00   154.750  3.2310  3.2000  0.0310
 13.00   154.250  3.2415  3.2077  0.0338
 14.00   153.750  3.2520  3.2154  0.0366
 15.00   153.250  3.2626  3.2232  0.0394
 16.00   152.500  3.2787  3.2362  0.0424
 17.00   151.500  3.3003  3.2547  0.0457
 18.00   150.500  3.3223  3.2733  0.0489
 19.00   149.500  3.3445  3.2922  0.0523
 20.00   148.250  3.3727  3.3167  0.0559
 21.00   147.000  3.4014  3.3417  0.0597
 22.00   145.500  3.4364  3.3727  0.0637
 23.00   144.250  3.4662  3.3985  0.0677
 24.00   142.750  3.5026  3.4305  0.0721
 25.00   141.250  3.5398  3.4632  0.0766
 26.00   140.000  3.5714  3.4904  0.0810
 27.00   138.750  3.6036  3.5180  0.0856
 28.00   137.500  3.6364  3.5461  0.0903
 29.00   136.000  3.6765  3.5810  0.0954
 30.00   134.750  3.7106  3.6101  0.1005
 31.00   132.750  3.7665  3.6597  0.1068
 32.00   129.750  3.8536  3.7383  0.1152
 33.00   125.750  3.9761  3.8499  0.1263
 34.00   123.250  4.0568  3.9216  0.1352
 35.00   123.750  4.0404  3.9024  0.1380
 36.00   126.250  3.9604  3.8241  0.1363
 37.00   127.750  3.9139  3.7771  0.1367
 38.00   128.000  3.9063  3.7665  0.1398
 39.00   127.750  3.9139  3.7700  0.1439
 40.00   127.500  3.9216  3.7736  0.1480
 41.00   127.250  3.9293  3.7771  0.1521
 42.00   126.750  3.9448  3.7879  0.1569
 43.00   126.500  3.9526  3.7915  0.1611
 44.00   126.250  3.9604  3.7951  0.1653
 45.00   126.000  3.9683  3.7987  0.1696
 46.00   125.750  3.9761  3.8023  0.1739
 47.00   125.500  3.9841  3.8059  0.1782
 48.00   125.250  3.9920  3.8095  0.1825
 49.00   125.000  4.0000  3.8132  0.1868
 50.00   125.000  4.0000  3.8095  0.1905
 51.00   124.750  4.0080  3.8132  0.1949
 52.00   124.500  4.0161  3.8168  0.1993
 53.00   124.500  4.0161  3.8132  0.2029
 54.00   124.250  4.0241  3.8168  0.2074
 55.00   124.000  4.0323  3.8204  0.2118
 56.00   124.000  4.0323  3.8168  0.2155
 57.00   123.750  4.0404  3.8204  0.2200
 58.00   123.750  4.0404  3.8168  0.2236
 59.00   123.500  4.0486  3.8204  0.2281
 60.00   123.250  4.0568  3.8241  0.2327
 61.00   123.250  4.0568  3.8204  0.2364
 62.00   123.000  4.0650  3.8241  0.2409
 63.00   123.000  4.0650  3.8204  0.2446
 64.00   122.750  4.0733  3.8241  0.2492
 65.00   122.750  4.0733  3.8204  0.2529
 66.00   122.500  4.0816  3.8241  0.2575
 67.00   122.500  4.0816  3.8204  0.2612
 68.00   122.250  4.0900  3.8241  0.2659
 69.00   122.250  4.0900  3.8204  0.2695
 70.00   122.000  4.0984  3.8241  0.2743
 71.00   122.000  4.0984  3.8204  0.2779
 72.00   121.750  4.1068  3.8241  0.2827
 73.00   121.750  4.1068  3.8204  0.2863
 74.00   121.500  4.1152  3.8241  0.2911
 75.00   121.500  4.1152  3.8204  0.2948
 76.00   121.500  4.1152  3.8168  0.2984
 77.00   121.250  4.1237  3.8204  0.3033
 78.00   121.250  4.1237  3.8168  0.3069
 79.00   121.000  4.1322  3.8204  0.3118
 80.00   121.000  4.1322  3.8168  0.3154
 81.00   121.000  4.1322  3.8132  0.3191
 82.00   120.750  4.1408  3.8168  0.3240
 83.00   120.750  4.1408  3.8132  0.3276
 84.00   120.750  4.1408  3.8095  0.3313
 85.00   120.500  4.1494  3.8132  0.3362
 86.00   120.500  4.1494  3.8095  0.3399
 87.00   120.500  4.1494  3.8059  0.3435
 88.00   120.250  4.1580  3.8095  0.3485
 89.00   120.250  4.1580  3.8059  0.3521
 90.00   120.250  4.1580  3.8023  0.3557
 91.00   120.250  4.1580  3.7987  0.3593
 92.00   120.000  4.1667  3.8023  0.3644
 93.00   120.000  4.1667  3.7987  0.3680
 94.00   120.000  4.1667  3.7951  0.3716
 95.00   119.750  4.1754  3.7987  0.3767
 96.00   119.750  4.1754  3.7951  0.3803
 97.00   119.750  4.1754  3.7915  0.3839
 98.00   119.500  4.1841  3.7951  0.3890
 99.00   119.500  4.1841  3.7915  0.3926
100.00   119.500  4.1841  3.7879  0.3962
101.00   119.250  4.1929  3.7915  0.4014
102.00   119.250  4.1929  3.7879  0.4050
103.00   119.250  4.1929  3.7843  0.4086
104.00   119.000  4.2017  3.7879  0.4138
105.00   119.000  4.2017  3.7843  0.4174
106.00   119.000  4.2017  3.7807  0.4210
107.00   118.750  4.2105  3.7843  0.4262
108.00   118.750  4.2105  3.7807  0.4298
109.00   118.750  4.2105  3.7771  0.4334
110.00   118.500  4.2194  3.7807  0.4387
111.00   118.500  4.2194  3.7771  0.4423
112.00   118.500  4.2194  3.7736  0.4458
113.00   118.250  4.2283  3.7771  0.4512
114.00   118.250  4.2283  3.7736  0.4547
115.00   118.250  4.2283  3.7700  0.4583
116.00   118.000  4.2373  3.7736  0.4637
117.00   118.000  4.2373  3.7700  0.4673
118.00   118.000  4.2373  3.7665  0.4708
119.00   117.750  4.2463  3.7700  0.4763
120.00   117.750  4.2463  3.7665  0.4798
121.00   117.750  4.2463  3.7629  0.4833
122.00   117.500  4.2553  3.7665  0.4888
123.00   117.500  4.2553  3.7629  0.4924
124.00   117.500  4.2553  3.7594  0.4959
125.00   117.250  4.2644  3.7629  0.5015
126.00   117.250  4.2644  3.7594  0.5050
127.00   117.250  4.2644  3.7559  0.5085
128.00   117.000  4.2735  3.7594  0.5141
129.00   117.000  4.2735  3.7559  0.5176
130.00   116.750  4.2827  3.7594  0.5233
131.00   116.750  4.2827  3.7559  0.5268
132.00   116.750  4.2827  3.7523  0.5303
133.00   116.500  4.2918  3.7559  0.5360
134.00   116.500  4.2918  3.7523  0.5395
135.00   116.500  4.2918  3.7488  0.5430
136.00   116.250  4.3011  3.7523  0.5487
137.00   116.250  4.3011  3.7488  0.5522
138.00   116.250  4.3011  3.7453  0.5558
139.00   116.000  4.3103  3.7488  0.5615
140.00   116.000  4.3103  3.7453  0.5650
141.00   115.750  4.3197  3.7488  0.5708
142.00   115.750  4.3197  3.7453  0.5743
143.00   115.750  4.3197  3.7418  0.5778
144.00   115.500  4.3290  3.7453  0.5837
145.00   115.500  4.3290  3.7418  0.5872
146.00   115.500  4.3290  3.7383  0.5907
147.00   115.250  4.3384  3.7418  0.5966
148.00   115.250  4.3384  3.7383  0.6001
149.00   115.250  4.3384  3.7348  0.6036
150.00   115.000  4.3478  3.7383  0.6095
151.00   115.000  4.3478  3.7348  0.6130
152.00   114.750  4.3573  3.7383  0.6190
153.00   114.750  4.3573  3.7348  0.6225
154.00   114.750  4.3573  3.7313  0.6260
155.00   114.500  4.3668  3.7348  0.6320
156.00   114.500  4.3668  3.7313  0.6355
157.00   114.500  4.3668  3.7279  0.6389
158.00   114.250  4.3764  3.7313  0.6450
159.00   114.250  4.3764  3.7279  0.6485
160.00   114.250  4.3764  3.7244  0.6520
161.00   114.000  4.3860  3.7279  0.6581
162.00   114.000  4.3860  3.7244  0.6616
163.00   114.000  4.3860  3.7209  0.6650
164.00   113.750  4.3956  3.7244  0.6712
165.00   113.750  4.3956  3.7209  0.6747
166.00   113.500  4.4053  3.7244  0.6809
167.00   113.500  4.4053  3.7209  0.6844
168.00   113.500  4.4053  3.7175  0.6878
169.00   113.250  4.4150  3.7209  0.6941
170.00   113.250  4.4150  3.7175  0.6975
171.00   113.250  4.4150  3.7140  0.7010
172.00   113.000  4.4248  3.7175  0.7073
173.00   113.000  4.4248  3.7140  0.7108
174.00   113.000  4.4248  3.7106  0.7142
175.00   112.750  4.4346  3.7140  0.7206
176.00   112.750  4.4346  3.7106  0.7240
177.00   112.750  4.4346  3.7071  0.7275
178.00   112.500  4.4444  3.7106  0.7339
179.00   112.500  4.4444  3.7071  0.7373
180.00   112.500  4.4444  3.7037  0.7407
181.00   112.250  4.4543  3.7071  0.7472
182.00   112.250  4.4543  3.7037  0.7506
183.00   112.250  4.4543  3.7003  0.7541
184.00   112.000  4.4643  3.7037  0.7606
185.00   112.000  4.4643  3.7003  0.7640
186.00   112.000  4.4643  3.6969  0.7674
187.00   111.750  4.4743  3.7003  0.7740
188.00   111.750  4.4743  3.6969  0.7774
189.00   111.750  4.4743  3.6934  0.7808
190.00   111.500  4.4843  3.6969  0.7874
191.00   111.500  4.4843  3.6934  0.7909
192.00   111.500  4.4843  3.6900  0.7943
193.00   111.500  4.4843  3.6866  0.7977
194.00   111.250  4.4944  3.6900  0.8043
195.00   111.250  4.4944  3.6866  0.8077
196.00   111.250  4.4944  3.6832  0.8111
197.00   111.000  4.5045  3.6866  0.8179
198.00   111.000  4.5045  3.6832  0.8213
199.00   111.000  4.5045  3.6799  0.8247
200.00   110.750  4.5147  3.6832  0.8314
