  2.00   622.000  3.2154  3.2141  0.0013
  3.00   622.750  3.2116  3.2096  0.0019
  4.00   622.250  3.2141  3.2116  0.0026
  5.00   622.250  3.2141  3.2109  0.0032
  6.00   622.500  3.2129  3.2090  0.0039
  7.00   622.250  3.2141  3.2096  0.0045
  8.00   622.250  3.2141  3.2090  0.0052
  9.00   621.750  3.2167  3.2109  0.0058
 10.00   621.250  3.2193  3.2129  0.0065
 11.00   620.500  3.2232  3.2161  0.0071
 12.00   619.250  3.2297  3.2219  0.0078
 13.00   617.500  3.2389  3.2304  0.0085
 14.00   615.500  3.2494  3.2402  0.0092
 15.00   613.000  3.2626  3.2527  0.0099
 16.00   609.750  3.2800  3.2693  0.0107
 17.00   606.250  3.2990  3.2874  0.0115
 18.00   602.500  3.3195  3.3072  0.0124
 19.00   598.000  3.3445  3.3313  0.0132
 20.00   593.250  3.3713  3.3571  0.0141
 21.00   588.000  3.4014  3.3862  0.0151
 22.00   582.500  3.4335  3.4173  0.0161
 23.00   576.750  3.4677  3.4505  0.0172
 24.00   571.000  3.5026  3.4843  0.0183
 25.00   565.250  3.5383  3.5188  0.0195
 26.00   559.500  3.5746  3.5540  0.0206
 27.00   554.000  3.6101  3.5882  0.0219
 28.00   548.750  3.6446  3.6215  0.0231
 29.00   543.750  3.6782  3.6538  0.0244
 30.00   539.000  3.7106  3.6849  0.0256
 31.00   534.500  3.7418  3.7149  0.0269
 32.00   530.750  3.7683  3.7401  0.0282
 33.00   527.500  3.7915  3.7621  0.0294
 34.00   518.000  3.8610  3.8296  0.0314
 35.00   515.000  3.8835  3.8508  0.0327
 36.00   516.500  3.8722  3.8388  0.0334
 37.00   515.000  3.8835  3.8489  0.0346
 38.00   512.750  3.9005  3.8647  0.0358
 39.00   510.500  3.9177  3.8807  0.0371
 40.00   508.500  3.9331  3.8948  0.0383
 41.00   506.500  3.9487  3.9091  0.0396
 42.00   504.750  3.9624  3.9216  0.0408
 43.00   503.500  3.9722  3.9302  0.0420
 44.00   502.250  3.9821  3.9389  0.0431
 45.00   501.000  3.9920  3.9477  0.0443
 46.00   500.000  4.0000  3.9545  0.0455
 47.00   499.000  4.0080  3.9614  0.0466
 48.00   498.000  4.0161  3.9683  0.0478
 49.00   497.250  4.0221  3.9732  0.0489
 50.00   496.500  4.0282  3.9781  0.0501
 51.00   495.750  4.0343  3.9831  0.0512
 52.00   495.000  4.0404  3.9880  0.0524
 53.00   494.250  4.0465  3.9930  0.0535
 54.00   493.500  4.0527  3.9980  0.0547
 55.00   493.000  4.0568  4.0010  0.0558
 56.00   492.500  4.0609  4.0040  0.0569
 57.00   491.750  4.0671  4.0090  0.0581
 58.00   491.250  4.0712  4.0120  0.0592
 59.00   490.750  4.0754  4.0151  0.0603
 60.00   490.250  4.0796  4.0181  0.0615
 61.00   489.750  4.0837  4.0211  0.0626
 62.00   489.500  4.0858  4.0221  0.0637
 63.00   489.000  4.0900  4.0252  0.0648
 64.00   488.500  4.0942  4.0282  0.0660
 65.00   488.250  4.0963  4.0292  0.0671
 66.00   488.000  4.0984  4.0302  0.0681
 67.00   487.500  4.1026  4.0333  0.0693
 68.00   487.250  4.1047  4.0343  0.0704
 69.00   487.000  4.1068  4.0353  0.0715
 70.00   486.750  4.1089  4.0363  0.0726
 71.00   486.250  4.1131  4.0394  0.0737
 72.00   486.000  4.1152  4.0404  0.0748
 73.00   485.750  4.1173  4.0414  0.0759
 74.00   485.500  4.1195  4.0424  0.0770
 75.00   485.500  4.1195  4.0414  0.0780
 76.00   485.250  4.1216  4.0424  0.0791
 77.00   485.000  4.1237  4.0435  0.0802
 78.00   484.750  4.1258  4.0445  0.0813
 79.00   484.500  4.1280  4.0455  0.0825
 80.00   484.250  4.1301  4.0465  0.0836
 81.00   484.250  4.1301  4.0455  0.0846
 82.00   484.000  4.1322  4.0465  0.0857
 83.00   483.750  4.1344  4.0476  0.0868
 84.00   483.750  4.1344  4.0465  0.0878
 85.00   483.500  4.1365  4.0476  0.0889
 86.00   483.500  4.1365  4.0465  0.0900
 87.00   483.250  4.1386  4.0476  0.0911
 88.00   483.000  4.1408  4.0486  0.0922
 89.00   483.000  4.1408  4.0476  0.0932
 90.00   482.750  4.1429  4.0486  0.0943
 91.00   482.750  4.1429  4.0476  0.0954
 92.00   482.500  4.1451  4.0486  0.0965
 93.00   482.500  4.1451  4.0476  0.0975
 94.00   482.250  4.1472  4.0486  0.0986
 95.00   482.250  4.1472  4.0476  0.0997
 96.00   482.000  4.1494  4.0486  0.1008
 97.00   482.000  4.1494  4.0476  0.1018
 98.00   481.750  4.1515  4.0486  0.1029
 99.00   481.750  4.1515  4.0476  0.1040
100.00   481.750  4.1515  4.0465  0.1050
101.00   481.500  4.1537  4.0476  0.1061
102.00   481.500  4.1537  4.0465  0.1072
103.00   481.250  4.1558  4.0476  0.1083
104.00   481.250  4.1558  4.0465  0.1093
105.00   481.250  4.1558  4.0455  0.1103
106.00   481.000  4.1580  4.0465  0.1115
107.00   481.000  4.1580  4.0455  0.1125
108.00   480.750  4.1602  4.0465  0.1136
109.00   480.750  4.1602  4.0455  0.1147
110.00   480.750  4.1602  4.0445  0.1157
111.00   480.500  4.1623  4.0455  0.1168
112.00   480.500  4.1623  4.0445  0.1178
113.00   480.500  4.1623  4.0435  0.1189
114.00   480.250  4.1645  4.0445  0.1200
115.00   480.250  4.1645  4.0435  0.1210
116.00   480.000  4.1667  4.0445  0.1222
117.00   480.000  4.1667  4.0435  0.1232
118.00   480.000  4.1667  4.0424  0.1242
119.00   479.750  4.1688  4.0435  0.1254
120.00   479.750  4.1688  4.0424  0.1264
121.00   479.750  4.1688  4.0414  0.1274
122.00   479.500  4.1710  4.0424  0.1286
123.00   479.500  4.1710  4.0414  0.1296
124.00   479.500  4.1710  4.0404  0.1306
125.00   479.250  4.1732  4.0414  0.1318
126.00   479.250  4.1732  4.0404  0.1328
127.00   479.250  4.1732  4.0394  0.1338
128.00   479.000  4.1754  4.0404  0.1350
129.00   479.000  4.1754  4.0394  0.1360
130.00   479.000  4.1754  4.0384  0.1370
131.00   478.750  4.1775  4.0394  0.1382
132.00   478.750  4.1775  4.0384  0.1392
133.00   478.750  4.1775  4.0373  0.1402
134.00   478.500  4.1797  4.0384  0.1414
135.00   478.500  4.1797  4.0373  0.1424
136.00   478.500  4.1797  4.0363  0.1434
137.00   478.250  4.1819  4.0373  0.1446
138.00   478.250  4.1819  4.0363  0.1456
139.00   478.250  4.1819  4.0353  0.1466
140.00   478.000  4.1841  4.0363  0.1478
141.00   478.000  4.1841  4.0353  0.1488
142.00   478.000  4.1841  4.0343  0.1498
143.00   477.750  4.1863  4.0353  0.1510
144.00   477.750  4.1863  4.0343  0.1520
145.00   477.750  4.1863  4.0333  0.1530
146.00   477.500  4.1885  4.0343  0.1542
147.00   477.500  4.1885  4.0333  0.1552
148.00   477.500  4.1885  4.0323  0.1562
149.00   477.250  4.1907  4.0333  0.1574
150.00   477.250  4.1907  4.0323  0.1584
151.00   477.250  4.1907  4.0312  0.1594
152.00   477.000  4.1929  4.0323  0.1606
153.00   477.000  4.1929  4.0312  0.1616
154.00   477.000  4.1929  4.0302  0.1626
155.00   476.750  4.1951  4.0312  0.1638
156.00   476.750  4.1951  4.0302  0.1648
157.00   476.750  4.1951  4.0292  0.1659
158.00   476.500  4.1973  4.0302  0.1670
159.00   476.500  4.1973  4.0292  0.1681
160.00   476.500  4.1973  4.0282  0.1691
161.00   476.250  4.1995  4.0292  0.1703
162.00   476.250  4.1995  4.0282  0.1713
163.00   476.250  4.1995  4.0272  0.1723
164.00   476.000  4.2017  4.0282  0.1735
165.00   476.000  4.2017  4.0272  0.1745
166.00   476.000  4.2017  4.0262  0.1755
167.00   475.750  4.2039  4.0272  0.1767
168.00   475.750  4.2039  4.0262  0.1777
169.00   475.750  4.2039  4.0252  0.1787
170.00   475.500  4.2061  4.0262  0.1799
171.00   475.500  4.2061  4.0252  0.1809
172.00   475.500  4.2061  4.0241  0.1820
173.00   475.250  4.2083  4.0252  0.1832
174.00   475.250  4.2083  4.0241  0.1842
175.00   475.250  4.2083  4.0231  0.1852
176.00   475.000  4.2105  4.0241  0.1864
177.00   475.000  4.2105  4.0231  0.1874
178.00   475.000  4.2105  4.0221  0.1884
179.00   474.750  4.2127  4.0231  0.1896
180.00   474.750  4.2127  4.0221  0.1906
181.00   474.750  4.2127  4.0211  0.1916
182.00   474.750  4.2127  4.0201  0.1926
183.00   474.500  4.2150  4.0211  0.1939
184.00   474.500  4.2150  4.0201  0.1949
185.00   474.500  4.2150  4.0191  0.1959
186.00   474.250  4.2172  4.0201  0.1971
187.00   474.250  4.2172  4.0191  0.1981
188.00   474.250  4.2172  4.0181  0.1991
189.00   474.000  4.2194  4.0191  0.2003
190.00   474.000  4.2194  4.0181  0.2013
191.00   474.000  4.2194  4.0171  0.2023
192.00   474.000  4.2194  4.0161  0.2033
193.00   473.750  4.2216  4.0171  0.2046
194.00   473.750  4.2216  4.0161  0.2056
195.00   473.750  4.2216  4.0151  0.2066
196.00   473.500  4.2239  4.0161  0.2078
197.00   473.500  4.2239  4.0151  0.2088
198.00   473.500  4.2239  4.0140  0.2098
199.00   473.250  4.2261  4.0151  0.2110
200.00   473.250  4.2261  4.0140  0.2120
